
  .   ____          _            __ _ _
 /\\ / ___'_ __ _ _(_)_ __  __ _ \ \ \ \
( ( )\___ | '_ | '_| | '_ \/ _` | \ \ \ \
 \\/  ___)| |_)| | | | | || (_| |  ) ) ) )
  '  |____| .__|_| |_|_| |_\__, | / / / /
 =========|_|==============|___/=/_/_/_/
 :: Spring Boot ::        (v2.3.5.RELEASE)

2021-01-19 12:37:09.884  INFO 22248 --- [           main] c.n.kopernica.config.ConfigApplication   : Starting ConfigApplication v0.0.1-SNAPSHOT on ES-L5CG0237DK9 with PID 22248 (C:\configurador-kopernica\config.jar started by 59000856 in C:\configurador-kopernica)
2021-01-19 12:37:09.889  INFO 22248 --- [           main] c.n.kopernica.config.ConfigApplication   : No active profile set, falling back to default profiles: default
2021-01-19 12:37:11.849  INFO 22248 --- [           main] .s.d.r.c.RepositoryConfigurationDelegate : Bootstrapping Spring Data JPA repositories in DEFERRED mode.
2021-01-19 12:37:11.921  INFO 22248 --- [           main] .s.d.r.c.RepositoryConfigurationDelegate : Finished Spring Data repository scanning in 44ms. Found 0 JPA repository interfaces.
2021-01-19 12:37:13.514  INFO 22248 --- [           main] o.s.b.w.embedded.tomcat.TomcatWebServer  : Tomcat initialized with port(s): 8080 (http)
2021-01-19 12:37:13.697  INFO 22248 --- [           main] w.s.c.ServletWebServerApplicationContext : Root WebApplicationContext: initialization completed in 3674 ms
2021-01-19 12:37:14.050  INFO 22248 --- [           main] o.s.s.concurrent.ThreadPoolTaskExecutor  : Initializing ExecutorService 'applicationTaskExecutor'
2021-01-19 12:37:14.078  INFO 22248 --- [           main] com.zaxxer.hikari.HikariDataSource       : HikariPool-1 - Starting...
2021-01-19 12:37:14.691  INFO 22248 --- [           main] com.zaxxer.hikari.HikariDataSource       : HikariPool-1 - Start completed.
2021-01-19 12:37:14.848  INFO 22248 --- [         task-1] o.hibernate.jpa.internal.util.LogHelper  : HHH000204: Processing PersistenceUnitInfo [name: default]
2021-01-19 12:37:15.182  INFO 22248 --- [         task-1] org.hibernate.Version                    : HHH000412: Hibernate ORM core version 5.4.22.Final
2021-01-19 12:37:15.437  WARN 22248 --- [           main] JpaBaseConfiguration$JpaWebConfiguration : spring.jpa.open-in-view is enabled by default. Therefore, database queries may be performed during view rendering. Explicitly configure spring.jpa.open-in-view to disable this warning
2021-01-19 12:37:15.837  INFO 22248 --- [         task-1] o.hibernate.annotations.common.Version   : HCANN000001: Hibernate Commons Annotations {5.1.0.Final}
2021-01-19 12:37:16.370  INFO 22248 --- [         task-1] org.hibernate.dialect.Dialect            : HHH000400: Using dialect: org.hibernate.dialect.H2Dialect
2021-01-19 12:37:16.740  INFO 22248 --- [           main] o.s.b.a.w.s.WelcomePageHandlerMapping    : Adding welcome page: class path resource [static/index.html]
2021-01-19 12:37:17.123  INFO 22248 --- [         task-1] o.h.e.t.j.p.i.JtaPlatformInitiator       : HHH000490: Using JtaPlatform implementation: [org.hibernate.engine.transaction.jta.platform.internal.NoJtaPlatform]
2021-01-19 12:37:17.136  WARN 22248 --- [           main] ion$DefaultTemplateResolverConfiguration : Cannot find template location: classpath:/templates/ (please add some templates or check your Thymeleaf configuration)
2021-01-19 12:37:17.142  INFO 22248 --- [         task-1] j.LocalContainerEntityManagerFactoryBean : Initialized JPA EntityManagerFactory for persistence unit 'default'
2021-01-19 12:37:17.453  WARN 22248 --- [           main] ConfigServletWebServerApplicationContext : Exception encountered during context initialization - cancelling refresh attempt: org.springframework.context.ApplicationContextException: Failed to start bean 'webServerStartStop'; nested exception is org.springframework.boot.web.server.PortInUseException: Port 8080 is already in use
2021-01-19 12:37:17.455  INFO 22248 --- [           main] j.LocalContainerEntityManagerFactoryBean : Closing JPA EntityManagerFactory for persistence unit 'default'
2021-01-19 12:37:17.456  INFO 22248 --- [           main] .SchemaDropperImpl$DelayedDropActionImpl : HHH000477: Starting delayed evictData of schema as part of SessionFactory shut-down'
2021-01-19 12:37:17.462  INFO 22248 --- [           main] o.s.s.concurrent.ThreadPoolTaskExecutor  : Shutting down ExecutorService 'applicationTaskExecutor'
2021-01-19 12:37:17.463  INFO 22248 --- [           main] com.zaxxer.hikari.HikariDataSource       : HikariPool-1 - Shutdown initiated...
2021-01-19 12:37:17.471  INFO 22248 --- [           main] com.zaxxer.hikari.HikariDataSource       : HikariPool-1 - Shutdown completed.
